<?xml version="1.0" encoding="UTF-8"?>
<testng-results skipped="0" failed="0" ignored="0" total="2" passed="2">
  <reporter-output>
  </reporter-output>
  <suite name="Default suite" duration-ms="76" started-at="2021-12-30T10:15:32Z" finished-at="2021-12-30T10:15:32Z">
    <groups>
    </groups>
    <test name="Default test" duration-ms="76" started-at="2021-12-30T10:15:32Z" finished-at="2021-12-30T10:15:32Z">
      <class name="com.crm.Dummy.mvn_cli">
        <test-method status="PASS" signature="DeleteContactTest()[pri:0, instance:com.crm.Dummy.mvn_cli@7d3a22a9]" name="DeleteContactTest" duration-ms="20" started-at="2021-12-30T10:15:32Z" finished-at="2021-12-30T10:15:32Z">
          <reporter-output>
          </reporter-output>
        </test-method> <!-- DeleteContactTest -->
        <test-method status="PASS" signature="createContactTest()[pri:0, instance:com.crm.Dummy.mvn_cli@7d3a22a9]" name="createContactTest" duration-ms="2" started-at="2021-12-30T10:15:32Z" finished-at="2021-12-30T10:15:32Z">
          <reporter-output>
          </reporter-output>
        </test-method> <!-- createContactTest -->
      </class> <!-- com.crm.Dummy.mvn_cli -->
    </test> <!-- Default test -->
  </suite> <!-- Default suite -->
</testng-results>
